Using pre-set license
Built from '2021.1/staging' branch; Version is '2021.1.26f1 (6f076387c01d) revision 7276387'; Using compiler version '192528614'; Build Type 'Release'
OS: 'Windows 10 Home; OS build 19042.1466; Version 2009; 64bit' Language: 'he' Physical Memory: 32667 MB
BatchMode: 1, IsHumanControllingUs: 0, StartBugReporterOnCrash: 0, Is64bit: 1, IsPro: 0

COMMAND LINE ARGUMENTS:
C:\Program Files\Unity\Hub\Editor\2021.1.26f1\Editor\Unity.exe
-adb2
-batchMode
-noUpm
-name
AssetImportWorker0
-projectPath
C:/Games/Unity/ShaderSecondTask
-logFile
Logs/AssetImportWorker0.log
-srvPort
61018
Successfully changed project path to: C:/Games/Unity/ShaderSecondTask
C:/Games/Unity/ShaderSecondTask
Using Asset Import Pipeline V2.
Refreshing native plugins compatible for Editor in 125.95 ms, found 3 plugins.
Preloading 0 native plugins for Editor in 0.00 ms.
Initialize engine version: 2021.1.26f1 (6f076387c01d)
[Subsystems] Discovering subsystems at path C:/Program Files/Unity/Hub/Editor/2021.1.26f1/Editor/Data/Resources/UnitySubsystems
[Subsystems] Discovering subsystems at path C:/Games/Unity/ShaderSecondTask/Assets
GfxDevice: creating device client; threaded=0; jobified=0
Direct3D:
    Version:  Direct3D 11.0 [level 11.1]
    Renderer: NVIDIA GeForce RTX 3060 (ID=0x2503)
    Vendor:   NVIDIA
    VRAM:     12142 MB
    Driver:   30.0.15.1123
Initialize mono
Mono path[0] = 'C:/Program Files/Unity/Hub/Editor/2021.1.26f1/Editor/Data/Managed'
Mono path[1] = 'C:/Program Files/Unity/Hub/Editor/2021.1.26f1/Editor/Data/MonoBleedingEdge/lib/mono/unityjit'
Mono config path = 'C:/Program Files/Unity/Hub/Editor/2021.1.26f1/Editor/Data/MonoBleedingEdge/etc'
Using monoOptions --debugger-agent=transport=dt_socket,embedding=1,server=y,suspend=n,address=127.0.0.1:56256
Begin MonoManager ReloadAssembly
Registering precompiled unity dll's ...
Register platform support module: C:/Program Files/Unity/Hub/Editor/2021.1.26f1/Editor/Data/PlaybackEngines/WindowsStandaloneSupport/UnityEditor.WindowsStandalone.Extensions.dll
Registered in 0.001727 seconds.
Native extension for WindowsStandalone target not found
Refreshing native plugins compatible for Editor in 124.02 ms, found 3 plugins.
Preloading 0 native plugins for Editor in 0.00 ms.
Mono: successfully reloaded assembly
- Completed reload, in  1.434 seconds
Domain Reload Profiling:
	ReloadAssembly (1434ms)
		BeginReloadAssembly (83ms)
			ExecutionOrderSort (0ms)
			DisableScriptedObjects (0ms)
			BackupInstance (0ms)
			ReleaseScriptingObjects (0ms)
			CreateAndSetChildDomain (1ms)
		EndReloadAssembly (613ms)
			LoadAssemblies (80ms)
			RebuildTransferFunctionScriptingTraits (0ms)
			SetupTypeCache (200ms)
			ReleaseScriptCaches (0ms)
			RebuildScriptCaches (39ms)
			SetupLoadedEditorAssemblies (316ms)
				LogAssemblyErrors (0ms)
				InitializePlatformSupportModulesInManaged (8ms)
				SetLoadedEditorAssemblies (0ms)
				RefreshPlugins (124ms)
				BeforeProcessingInitializeOnLoad (2ms)
				ProcessInitializeOnLoadAttributes (149ms)
				ProcessInitializeOnLoadMethodAttributes (34ms)
				AfterProcessingInitializeOnLoad (0ms)
				EditorAssembliesLoaded (0ms)
			ExecutionOrderSort2 (0ms)
			AwakeInstancesAfterBackupRestoration (0ms)
Platform modules already initialized, skipping
Registering precompiled user dll's ...
Registered in 0.007758 seconds.
Begin MonoManager ReloadAssembly
Symbol file LoadedFromMemory doesn't match image C:\Games\Unity\ShaderSecondTask\Library\PackageCache\com.unity.visualscripting@1.6.1\Editor\VisualScripting.Core\Dependencies\YamlDotNet\Unity.VisualScripting.YamlDotNet.dll
Symbol file LoadedFromMemory doesn't match image C:\Games\Unity\ShaderSecondTask\Library\PackageCache\com.unity.visualscripting@1.6.1\Editor\VisualScripting.Core\Dependencies\DotNetZip\Unity.VisualScripting.IonicZip.dll
Native extension for WindowsStandalone target not found
Refreshing native plugins compatible for Editor in 96.44 ms, found 3 plugins.
Preloading 0 native plugins for Editor in 0.00 ms.
Mono: successfully reloaded assembly
- Completed reload, in  1.253 seconds
Domain Reload Profiling:
	ReloadAssembly (1253ms)
		BeginReloadAssembly (199ms)
			ExecutionOrderSort (0ms)
			DisableScriptedObjects (5ms)
			BackupInstance (0ms)
			ReleaseScriptingObjects (0ms)
			CreateAndSetChildDomain (31ms)
		EndReloadAssembly (983ms)
			LoadAssemblies (123ms)
			RebuildTransferFunctionScriptingTraits (0ms)
			SetupTypeCache (322ms)
			ReleaseScriptCaches (1ms)
			RebuildScriptCaches (57ms)
			SetupLoadedEditorAssemblies (413ms)
				LogAssemblyErrors (0ms)
				InitializePlatformSupportModulesInManaged (4ms)
				SetLoadedEditorAssemblies (0ms)
				RefreshPlugins (97ms)
				BeforeProcessingInitializeOnLoad (87ms)
				ProcessInitializeOnLoadAttributes (210ms)
				ProcessInitializeOnLoadMethodAttributes (10ms)
				AfterProcessingInitializeOnLoad (5ms)
				EditorAssembliesLoaded (0ms)
			ExecutionOrderSort2 (0ms)
			AwakeInstancesAfterBackupRestoration (6ms)
Platform modules already initialized, skipping
========================================================================
Worker process is ready to serve import requests
Launched and connected shader compiler UnityShaderCompiler.exe after 0.07 seconds
Refreshing native plugins compatible for Editor in 1.33 ms, found 3 plugins.
Preloading 0 native plugins for Editor in 0.00 ms.
Unloading 4366 Unused Serialized files (Serialized files now loaded: 0)
System memory in use before: 169.0 MB.
System memory in use after: 169.2 MB.

Unloading 23 unused Assets to reduce memory usage. Loaded Objects now: 4808.
Total: 7.181100 ms (FindLiveObjects: 1.123600 ms CreateObjectMapping: 1.017900 ms MarkObjects: 4.947900 ms  DeleteObjects: 0.088900 ms)

AssetImportParameters requested are different than current active one (requested -> active):
  custom:framework-win-MediaFoundation: 216162199b28c13a410421893ffa2e32 -> 
  custom:video-decoder-ogg-theora: a1e56fd34408186e4bbccfd4996cb3dc -> 
  custom:container-muxer-webm: aa71ff27fc2769a1b78a27578f13a17b -> 
  custom:container-demuxer-webm: 4f35f7cbe854078d1ac9338744f61a02 -> 
  custom:container-demuxer-ogg: 62fdf1f143b41e24485cea50d1cbac27 -> 
  custom:video-encoder-webm-vp8: eb34c28f22e8b96e1ab97ce403110664 -> 
  custom:video-decoder-webm-vp8: 9c59270c3fd7afecdb556c50c9e8de78 -> 
  custom:audio-decoder-ogg-vorbis: bf7c407c2cedff20999df2af8eb42d56 -> 
  custom:audio-encoder-webm-vorbis: bf7c407c2cedff20999df2af8eb42d56 -> 
========================================================================
Received Import Request.
  path: Assets/Readme.asset
  artifactKey: Guid(83c2ed844a8c74b779a4c823d16594b1) Importer(815301076,1909f56bfc062723c751e8b465ee728b)
Start importing Assets/Readme.asset using Guid(83c2ed844a8c74b779a4c823d16594b1) Importer(815301076,1909f56bfc062723c751e8b465ee728b)  -> (artifact id: '8ffd2c44ffeb50c574abb5d0c4453328') in 0.038922 seconds 
========================================================================
Received Import Request.
  Time since last request: 534.942149 seconds.
  path: Assets/Scenes
  artifactKey: Guid(13e9bfbebe8b5314bb81c5e56a5872cf) Importer(815301076,1909f56bfc062723c751e8b465ee728b)
Start importing Assets/Scenes using Guid(13e9bfbebe8b5314bb81c5e56a5872cf) Importer(815301076,1909f56bfc062723c751e8b465ee728b)  -> (artifact id: '757f928754d0a4c3f88d25a6f79827f1') in 0.004303 seconds 
========================================================================
Received Import Request.
  Time since last request: 1.276260 seconds.
  path: Assets
  artifactKey: Guid(00000000000000001000000000000000) Importer(815301076,1909f56bfc062723c751e8b465ee728b)
Start importing Assets using Guid(00000000000000001000000000000000) Importer(815301076,1909f56bfc062723c751e8b465ee728b)  -> (artifact id: '42d402b061de3733987d63b9cc3b64de') in 0.005341 seconds 
========================================================================
Received Import Request.
  Time since last request: 8.622739 seconds.
  path: Assets/SeondTask.unity
  artifactKey: Guid(cbff13488c6d8754090a72c3ada4faba) Importer(815301076,1909f56bfc062723c751e8b465ee728b)
Start importing Assets/SeondTask.unity using Guid(cbff13488c6d8754090a72c3ada4faba) Importer(815301076,1909f56bfc062723c751e8b465ee728b)  -> (artifact id: '406bb885935a69e9d84e1c820d43b68e') in 0.007081 seconds 
========================================================================
Received Import Request.
  Time since last request: 7.056051 seconds.
  path: Assets/Presets
  artifactKey: Guid(558255460b74ec04fa70b5570e9327bd) Importer(815301076,1909f56bfc062723c751e8b465ee728b)
Start importing Assets/Presets using Guid(558255460b74ec04fa70b5570e9327bd) Importer(815301076,1909f56bfc062723c751e8b465ee728b)  -> (artifact id: 'e1966229f3d7993f283b578bcf544b58') in 0.005805 seconds 
========================================================================
Received Import Request.
  Time since last request: 1.250419 seconds.
  path: Assets/SecondTask
  artifactKey: Guid(daea76e823f0bce448de60b7da158ebe) Importer(815301076,1909f56bfc062723c751e8b465ee728b)
Start importing Assets/SecondTask using Guid(daea76e823f0bce448de60b7da158ebe) Importer(815301076,1909f56bfc062723c751e8b465ee728b)  -> (artifact id: 'ec41de03646639748e40bce47d94aa5b') in 0.004580 seconds 
========================================================================
Received Import Request.
  Time since last request: 1.137046 seconds.
  path: Assets/SecondTask/Shader
  artifactKey: Guid(0d73e7e7931e79946bb553d6803edd7d) Importer(815301076,1909f56bfc062723c751e8b465ee728b)
Start importing Assets/SecondTask/Shader using Guid(0d73e7e7931e79946bb553d6803edd7d) Importer(815301076,1909f56bfc062723c751e8b465ee728b)  -> (artifact id: '814b6e10facc254b7cb2cec514332348') in 0.004510 seconds 
========================================================================
Received Import Request.
  Time since last request: 0.398950 seconds.
  path: Assets/SecondTask/Materials
  artifactKey: Guid(9a3daa81e5629404f8be83a2698a3f38) Importer(815301076,1909f56bfc062723c751e8b465ee728b)
Start importing Assets/SecondTask/Materials using Guid(9a3daa81e5629404f8be83a2698a3f38) Importer(815301076,1909f56bfc062723c751e8b465ee728b)  -> (artifact id: 'c2bac95074ed3d7961ce28d9482fad14') in 0.004402 seconds 
========================================================================
Received Import Request.
  Time since last request: 0.047434 seconds.
  path: Assets/SecondTask/Materials/Blend2Mats.mat
  artifactKey: Guid(0323e690a166cfc4f832c5bfac4d864c) Importer(815301076,1909f56bfc062723c751e8b465ee728b)
Start importing Assets/SecondTask/Materials/Blend2Mats.mat using Guid(0323e690a166cfc4f832c5bfac4d864c) Importer(815301076,1909f56bfc062723c751e8b465ee728b)  -> (artifact id: '03a3f35b696a2394735e4fa8e28b76d7') in 0.413027 seconds 
========================================================================
Received Import Request.
  Time since last request: 21.288907 seconds.
  path: Assets/ExampleAssets/Textures/Props/Construction_Light/ConstructionLight_Albedo.tif
  artifactKey: Guid(2ec6e1532acb1254f9f3797b5d82db44) Importer(815301076,1909f56bfc062723c751e8b465ee728b)
Start importing Assets/ExampleAssets/Textures/Props/Construction_Light/ConstructionLight_Albedo.tif using Guid(2ec6e1532acb1254f9f3797b5d82db44) Importer(815301076,1909f56bfc062723c751e8b465ee728b)  -> (artifact id: '254ab369503ff8585c66fc85e79fc986') in 0.027601 seconds 
========================================================================
Received Import Request.
  Time since last request: 0.000316 seconds.
  path: Assets/ExampleAssets/Textures/Props/Paint/PaintAnimMask.tif
  artifactKey: Guid(5e98de278b2ccc14f89b76b85596a3f3) Importer(815301076,1909f56bfc062723c751e8b465ee728b)
Start importing Assets/ExampleAssets/Textures/Props/Paint/PaintAnimMask.tif using Guid(5e98de278b2ccc14f89b76b85596a3f3) Importer(815301076,1909f56bfc062723c751e8b465ee728b)  -> (artifact id: '14faa7ecbc4a27994a7a7a29a33efcfe') in 0.010018 seconds 
========================================================================
Received Import Request.
  Time since last request: 0.000179 seconds.
  path: Assets/ExampleAssets/Textures/Props/Jigsaw/Jigsaw_MetallicOcculusionSmoothness.tif
  artifactKey: Guid(3017ed6fed9d3bb49ba99bf738e2d626) Importer(815301076,1909f56bfc062723c751e8b465ee728b)
Start importing Assets/ExampleAssets/Textures/Props/Jigsaw/Jigsaw_MetallicOcculusionSmoothness.tif using Guid(3017ed6fed9d3bb49ba99bf738e2d626) Importer(815301076,1909f56bfc062723c751e8b465ee728b)  -> (artifact id: '5624d614b8be4d75d54c8e2513b98bef') in 0.021363 seconds 
========================================================================
Received Import Request.
  Time since last request: 0.000138 seconds.
  path: Assets/ExampleAssets/Textures/Wood/OBS_Albedo.tif
  artifactKey: Guid(7140a9bc83a12ea49a081dda89216fff) Importer(815301076,1909f56bfc062723c751e8b465ee728b)
Start importing Assets/ExampleAssets/Textures/Wood/OBS_Albedo.tif using Guid(7140a9bc83a12ea49a081dda89216fff) Importer(815301076,1909f56bfc062723c751e8b465ee728b)  -> (artifact id: 'ba0340be7f35857a749f732c2fc6c6c8') in 0.010686 seconds 
========================================================================
Received Import Request.
  Time since last request: 0.000268 seconds.
  path: Assets/ExampleAssets/Textures/Props/Hammer/Hammer_MetallicOcculusionSmoothness.tif
  artifactKey: Guid(6c509e4ae024b5e4faeefb92dab5c812) Importer(815301076,1909f56bfc062723c751e8b465ee728b)
Start importing Assets/ExampleAssets/Textures/Props/Hammer/Hammer_MetallicOcculusionSmoothness.tif using Guid(6c509e4ae024b5e4faeefb92dab5c812) Importer(815301076,1909f56bfc062723c751e8b465ee728b)  -> (artifact id: 'c09dbf1dfb7589936e4d4084bda31383') in 0.009551 seconds 
========================================================================
Received Import Request.
  Time since last request: 0.000160 seconds.
  path: Assets/ExampleAssets/Textures/Wood/OBS_MetallicOcculusionSmoothness.tif
  artifactKey: Guid(22638a9216f1ebf4cb43273a00879f51) Importer(815301076,1909f56bfc062723c751e8b465ee728b)
Start importing Assets/ExampleAssets/Textures/Wood/OBS_MetallicOcculusionSmoothness.tif using Guid(22638a9216f1ebf4cb43273a00879f51) Importer(815301076,1909f56bfc062723c751e8b465ee728b)  -> (artifact id: '999dffc5696e5f4ae595af785a1a6b9e') in 0.010019 seconds 
========================================================================
Received Import Request.
  Time since last request: 0.000171 seconds.
  path: Assets/ExampleAssets/Textures/Props/Construction_Light/ConstructionLight_MetallicOcculusionSmoothness.tif
  artifactKey: Guid(9a81f1a59f171804e84fce76584bdcb7) Importer(815301076,1909f56bfc062723c751e8b465ee728b)
Start importing Assets/ExampleAssets/Textures/Props/Construction_Light/ConstructionLight_MetallicOcculusionSmoothness.tif using Guid(9a81f1a59f171804e84fce76584bdcb7) Importer(815301076,1909f56bfc062723c751e8b465ee728b)  -> (artifact id: '8d097a6b46f9b47ea41d23017b22f753') in 0.010248 seconds 
========================================================================
Received Import Request.
  Time since last request: 0.000191 seconds.
  path: Assets/ExampleAssets/Textures/Wood/OBS_Normal.tif
  artifactKey: Guid(fcce267dfc966b6408dc2ebe0cfb60ed) Importer(815301076,1909f56bfc062723c751e8b465ee728b)
Start importing Assets/ExampleAssets/Textures/Wood/OBS_Normal.tif using Guid(fcce267dfc966b6408dc2ebe0cfb60ed) Importer(815301076,1909f56bfc062723c751e8b465ee728b)  -> (artifact id: '4123ecf6adfd7faeee3d4b04d0cb2e33') in 0.015920 seconds 
========================================================================
Received Import Request.
  Time since last request: 0.000150 seconds.
  path: Assets/ExampleAssets/Textures/Plastic/Elastic_MetallicOcculusionSmoothness.tif
  artifactKey: Guid(f5df2fb0c070b57429f8ca23b216093b) Importer(815301076,1909f56bfc062723c751e8b465ee728b)
Start importing Assets/ExampleAssets/Textures/Plastic/Elastic_MetallicOcculusionSmoothness.tif using Guid(f5df2fb0c070b57429f8ca23b216093b) Importer(815301076,1909f56bfc062723c751e8b465ee728b)  -> (artifact id: 'c36f67c9caa0c46a771cdf414e5a6be0') in 0.012937 seconds 
========================================================================
Received Import Request.
  Time since last request: 0.000145 seconds.
  path: Assets/ExampleAssets/Textures/Metal/Metal_MetallicSmoothness.tif
  artifactKey: Guid(40da0395b61db4448b98bab66d6b549c) Importer(815301076,1909f56bfc062723c751e8b465ee728b)
Start importing Assets/ExampleAssets/Textures/Metal/Metal_MetallicSmoothness.tif using Guid(40da0395b61db4448b98bab66d6b549c) Importer(815301076,1909f56bfc062723c751e8b465ee728b)  -> (artifact id: '0a182ef4008fd030192d95ae04cde7e3') in 0.009379 seconds 
========================================================================
Received Import Request.
  Time since last request: 0.000144 seconds.
  path: Assets/ExampleAssets/Textures/Metal/Metal_Normal.tif
  artifactKey: Guid(3b0b7c1f4ac9f6b499e27cf84e722ff4) Importer(815301076,1909f56bfc062723c751e8b465ee728b)
Start importing Assets/ExampleAssets/Textures/Metal/Metal_Normal.tif using Guid(3b0b7c1f4ac9f6b499e27cf84e722ff4) Importer(815301076,1909f56bfc062723c751e8b465ee728b)  -> (artifact id: '043d6c19a71eedf59386c4145ce25c3d') in 0.007891 seconds 
========================================================================
Received Import Request.
  Time since last request: 0.000116 seconds.
  path: Assets/ExampleAssets/Textures/Concrete/Ground_MetallicOcculusionSmoothness.tif
  artifactKey: Guid(a8d38587573a5f34c91c4ae0fbd8bfef) Importer(815301076,1909f56bfc062723c751e8b465ee728b)
Start importing Assets/ExampleAssets/Textures/Concrete/Ground_MetallicOcculusionSmoothness.tif using Guid(a8d38587573a5f34c91c4ae0fbd8bfef) Importer(815301076,1909f56bfc062723c751e8b465ee728b)  -> (artifact id: '40badc735352d26231be95c26e3ba65e') in 0.012945 seconds 
========================================================================
Received Import Request.
  Time since last request: 0.000192 seconds.
  path: Assets/ExampleAssets/Textures/Props/Paint/Paint1G_Normal.tif
  artifactKey: Guid(ac80c335ebd6dde4fa54a82050064545) Importer(815301076,1909f56bfc062723c751e8b465ee728b)
Start importing Assets/ExampleAssets/Textures/Props/Paint/Paint1G_Normal.tif using Guid(ac80c335ebd6dde4fa54a82050064545) Importer(815301076,1909f56bfc062723c751e8b465ee728b)  -> (artifact id: 'd74f44bdaf2cb3138c6e2ca5bdde90d4') in 0.009987 seconds 
========================================================================
Received Import Request.
  Time since last request: 0.000151 seconds.
  path: Assets/ExampleAssets/Textures/Props/Paint/Paint5G_AlbedoSmoothness.tif
  artifactKey: Guid(5d25a5cd577a4c54e94fdf9cc6f1a631) Importer(815301076,1909f56bfc062723c751e8b465ee728b)
Start importing Assets/ExampleAssets/Textures/Props/Paint/Paint5G_AlbedoSmoothness.tif using Guid(5d25a5cd577a4c54e94fdf9cc6f1a631) Importer(815301076,1909f56bfc062723c751e8b465ee728b)  -> (artifact id: '69ed00b4552055f32b25acda06ebd3a7') in 0.015710 seconds 
========================================================================
Received Import Request.
  Time since last request: 0.000152 seconds.
  path: Assets/ExampleAssets/Textures/Props/Paint/Paint1G_Albedo.tif
  artifactKey: Guid(2de0d72a6700bd94ea57111b29e246fc) Importer(815301076,1909f56bfc062723c751e8b465ee728b)
Start importing Assets/ExampleAssets/Textures/Props/Paint/Paint1G_Albedo.tif using Guid(2de0d72a6700bd94ea57111b29e246fc) Importer(815301076,1909f56bfc062723c751e8b465ee728b)  -> (artifact id: 'c96681c5a33996591ecaedb0e8e10365') in 0.009055 seconds 
========================================================================
Received Import Request.
  Time since last request: 0.000278 seconds.
  path: Assets/ExampleAssets/Textures/Drywall/Drywall_AlbedoSmoothness.tif
  artifactKey: Guid(3e11968c372730442aae3b4f7c909931) Importer(815301076,1909f56bfc062723c751e8b465ee728b)
Start importing Assets/ExampleAssets/Textures/Drywall/Drywall_AlbedoSmoothness.tif using Guid(3e11968c372730442aae3b4f7c909931) Importer(815301076,1909f56bfc062723c751e8b465ee728b)  -> (artifact id: '6521e9035bcea6d4bdf52976c67bfbaa') in 0.010303 seconds 
========================================================================
Received Import Request.
  Time since last request: 0.000138 seconds.
  path: Assets/ExampleAssets/Textures/Drywall/Drywall_Normal.tif
  artifactKey: Guid(e231e4c02c48ee14aafa55f7b1a843c1) Importer(815301076,1909f56bfc062723c751e8b465ee728b)
Start importing Assets/ExampleAssets/Textures/Drywall/Drywall_Normal.tif using Guid(e231e4c02c48ee14aafa55f7b1a843c1) Importer(815301076,1909f56bfc062723c751e8b465ee728b)  -> (artifact id: '323e889fe37a7c944acb1f9e4719f9fb') in 0.008821 seconds 
========================================================================
Received Import Request.
  Time since last request: 0.000284 seconds.
  path: Assets/ExampleAssets/Textures/Concrete/Ground_Albedo.tif
  artifactKey: Guid(87ce03bd447ccce48bbff87ac0d8355f) Importer(815301076,1909f56bfc062723c751e8b465ee728b)
Start importing Assets/ExampleAssets/Textures/Concrete/Ground_Albedo.tif using Guid(87ce03bd447ccce48bbff87ac0d8355f) Importer(815301076,1909f56bfc062723c751e8b465ee728b)  -> (artifact id: 'f9103bd9ab7233d150063a1568dea928') in 0.010677 seconds 
========================================================================
Received Import Request.
  Time since last request: 0.000128 seconds.
  path: Assets/ExampleAssets/Textures/Plastic/Elastic_Normal.tif
  artifactKey: Guid(db17334dfe5991a4bbe241ee9a728c38) Importer(815301076,1909f56bfc062723c751e8b465ee728b)
Start importing Assets/ExampleAssets/Textures/Plastic/Elastic_Normal.tif using Guid(db17334dfe5991a4bbe241ee9a728c38) Importer(815301076,1909f56bfc062723c751e8b465ee728b)  -> (artifact id: '4f3e02d63b274bf73aa130c4654683df') in 0.010073 seconds 
========================================================================
Received Import Request.
  Time since last request: 0.000202 seconds.
  path: Assets/ExampleAssets/Textures/Props/Paint/Paintbrush_MetallicOcculusionSmoothness.tif
  artifactKey: Guid(888916a5e87c05948b1a97b3c0d42556) Importer(815301076,1909f56bfc062723c751e8b465ee728b)
Start importing Assets/ExampleAssets/Textures/Props/Paint/Paintbrush_MetallicOcculusionSmoothness.tif using Guid(888916a5e87c05948b1a97b3c0d42556) Importer(815301076,1909f56bfc062723c751e8b465ee728b)  -> (artifact id: 'cd3824097ea9d28e40484da57e40d335') in 0.010932 seconds 
========================================================================
Received Import Request.
  Time since last request: 0.000129 seconds.
  path: Assets/ExampleAssets/Textures/Props/Paint/Paintbrush_Normal.tif
  artifactKey: Guid(09e745bf0b8ff6a4bb5785d14168289a) Importer(815301076,1909f56bfc062723c751e8b465ee728b)
Start importing Assets/ExampleAssets/Textures/Props/Paint/Paintbrush_Normal.tif using Guid(09e745bf0b8ff6a4bb5785d14168289a) Importer(815301076,1909f56bfc062723c751e8b465ee728b)  -> (artifact id: 'f2f41d16cd4a7e8d3334e5b9f1d6bc50') in 0.013176 seconds 
========================================================================
Received Import Request.
  Time since last request: 0.000309 seconds.
  path: Assets/ExampleAssets/Textures/Metal/Metal_Albedo.tif
  artifactKey: Guid(77583f99dea53b641804bb357092ec83) Importer(815301076,1909f56bfc062723c751e8b465ee728b)
Start importing Assets/ExampleAssets/Textures/Metal/Metal_Albedo.tif using Guid(77583f99dea53b641804bb357092ec83) Importer(815301076,1909f56bfc062723c751e8b465ee728b)  -> (artifact id: 'd3b7f2218bcd0ebcd2d522f37d2bc6d7') in 0.010186 seconds 
========================================================================
Received Import Request.
  Time since last request: 0.000170 seconds.
  path: Assets/ExampleAssets/Textures/Props/Jigsaw/Jigsaw_Normal.tif
  artifactKey: Guid(06969fc081d8cc146af6634f75abe652) Importer(815301076,1909f56bfc062723c751e8b465ee728b)
Start importing Assets/ExampleAssets/Textures/Props/Jigsaw/Jigsaw_Normal.tif using Guid(06969fc081d8cc146af6634f75abe652) Importer(815301076,1909f56bfc062723c751e8b465ee728b)  -> (artifact id: 'f553500006e7778dd6ff670daef1145a') in 0.012867 seconds 
========================================================================
Received Import Request.
  Time since last request: 0.000171 seconds.
  path: Assets/ExampleAssets/Textures/Drywall/Drywall_Albedo.tif
  artifactKey: Guid(eae496078d11426448124eaf8b285e6b) Importer(815301076,1909f56bfc062723c751e8b465ee728b)
Start importing Assets/ExampleAssets/Textures/Drywall/Drywall_Albedo.tif using Guid(eae496078d11426448124eaf8b285e6b) Importer(815301076,1909f56bfc062723c751e8b465ee728b)  -> (artifact id: '6e2e2104d4cab6b989f4c454414cc0ff') in 0.009055 seconds 
========================================================================
Received Import Request.
  Time since last request: 0.000152 seconds.
  path: Assets/ExampleAssets/Textures/Props/Hammer/Hammer_Albedo.tif
  artifactKey: Guid(59c8de363dc14c54986d0751c2c38342) Importer(815301076,1909f56bfc062723c751e8b465ee728b)
Start importing Assets/ExampleAssets/Textures/Props/Hammer/Hammer_Albedo.tif using Guid(59c8de363dc14c54986d0751c2c38342) Importer(815301076,1909f56bfc062723c751e8b465ee728b)  -> (artifact id: '5e4bdc38edc712c36d903958ccdce5a1') in 0.011637 seconds 
========================================================================
Received Import Request.
  Time since last request: 0.000143 seconds.
  path: Assets/ExampleAssets/Textures/Props/Paint/Paintbrush_Albedo.tif
  artifactKey: Guid(4675081b0baf66345adc734388155502) Importer(815301076,1909f56bfc062723c751e8b465ee728b)
Start importing Assets/ExampleAssets/Textures/Props/Paint/Paintbrush_Albedo.tif using Guid(4675081b0baf66345adc734388155502) Importer(815301076,1909f56bfc062723c751e8b465ee728b)  -> (artifact id: '9d7620f1aa3a98d1836822f994c68a2f') in 0.014988 seconds 
========================================================================
Received Import Request.
  Time since last request: 0.000430 seconds.
  path: Assets/ExampleAssets/Textures/Props/Jigsaw/Jigsaw_Albedo.tif
  artifactKey: Guid(b3f247b26e080ca468f1daa963c192ee) Importer(815301076,1909f56bfc062723c751e8b465ee728b)
Start importing Assets/ExampleAssets/Textures/Props/Jigsaw/Jigsaw_Albedo.tif using Guid(b3f247b26e080ca468f1daa963c192ee) Importer(815301076,1909f56bfc062723c751e8b465ee728b)  -> (artifact id: '82ef22b10cbd25f55fa1fc0862807f19') in 0.013561 seconds 
========================================================================
Received Import Request.
  Time since last request: 0.000154 seconds.
  path: Assets/ExampleAssets/Textures/Props/Hammer/Hammer_Normal.tif
  artifactKey: Guid(c517a9b1527aec343806327b47ad22df) Importer(815301076,1909f56bfc062723c751e8b465ee728b)
Start importing Assets/ExampleAssets/Textures/Props/Hammer/Hammer_Normal.tif using Guid(c517a9b1527aec343806327b47ad22df) Importer(815301076,1909f56bfc062723c751e8b465ee728b)  -> (artifact id: 'abfb602d25363fb3be8c081a5dbd6fad') in 0.012166 seconds 
========================================================================
Received Import Request.
  Time since last request: 0.000140 seconds.
  path: Assets/ExampleAssets/Textures/Concrete/Ground_Normal.tif
  artifactKey: Guid(fab85e0cacda9644a99e5182a86b71f5) Importer(815301076,1909f56bfc062723c751e8b465ee728b)
Start importing Assets/ExampleAssets/Textures/Concrete/Ground_Normal.tif using Guid(fab85e0cacda9644a99e5182a86b71f5) Importer(815301076,1909f56bfc062723c751e8b465ee728b)  -> (artifact id: 'bf1ed7fae61d16f3432dbb6495117ea6') in 0.011415 seconds 
========================================================================
Received Import Request.
  Time since last request: 0.000268 seconds.
  path: Assets/ExampleAssets/Textures/Props/Paint/Paint1G_MetallicOcculusionRoughness.tif
  artifactKey: Guid(ca084ebab0cef7c4ba746cdb442f9c1e) Importer(815301076,1909f56bfc062723c751e8b465ee728b)
Start importing Assets/ExampleAssets/Textures/Props/Paint/Paint1G_MetallicOcculusionRoughness.tif using Guid(ca084ebab0cef7c4ba746cdb442f9c1e) Importer(815301076,1909f56bfc062723c751e8b465ee728b)  -> (artifact id: '5ac1e6540d864dc97d8742587a3333ce') in 0.015580 seconds 
========================================================================
Received Import Request.
  Time since last request: 0.000207 seconds.
  path: Assets/ExampleAssets/Textures/Drywall/DrywallPainted_Normal.tif
  artifactKey: Guid(2cd242c9999e92b4ca96dab876cfaf13) Importer(815301076,1909f56bfc062723c751e8b465ee728b)
Start importing Assets/ExampleAssets/Textures/Drywall/DrywallPainted_Normal.tif using Guid(2cd242c9999e92b4ca96dab876cfaf13) Importer(815301076,1909f56bfc062723c751e8b465ee728b)  -> (artifact id: '883d9dba7c921ac4eb092ebe9981837e') in 0.012177 seconds 
========================================================================
Received Import Request.
  Time since last request: 0.000157 seconds.
  path: Assets/TutorialInfo/Icons/Help_Icon.png
  artifactKey: Guid(34f556d724b1bbf4097ca6220db2c581) Importer(815301076,1909f56bfc062723c751e8b465ee728b)
Start importing Assets/TutorialInfo/Icons/Help_Icon.png using Guid(34f556d724b1bbf4097ca6220db2c581) Importer(815301076,1909f56bfc062723c751e8b465ee728b)  -> (artifact id: '78dc7b6accc1e6c4d42830fab095a5e6') in 0.039642 seconds 
========================================================================
Received Import Request.
  Time since last request: 0.300712 seconds.
  path: Assets/ExampleAssets/Textures/Props/Paint/PaintLabel.tif
  artifactKey: Guid(e5c37ab0c7b37af4f981195d3caaf4b4) Importer(815301076,1909f56bfc062723c751e8b465ee728b)
Start importing Assets/ExampleAssets/Textures/Props/Paint/PaintLabel.tif using Guid(e5c37ab0c7b37af4f981195d3caaf4b4) Importer(815301076,1909f56bfc062723c751e8b465ee728b)  -> (artifact id: 'ead45341a2aafdda0fac444dd91ae922') in 0.007667 seconds 
========================================================================
Received Import Request.
  Time since last request: 0.000200 seconds.
  path: Assets/ExampleAssets/Textures/Plastic/PlasticRough_Albedo.tif
  artifactKey: Guid(7b82d12aad56cc445b99fd1cf06a232d) Importer(815301076,1909f56bfc062723c751e8b465ee728b)
Start importing Assets/ExampleAssets/Textures/Plastic/PlasticRough_Albedo.tif using Guid(7b82d12aad56cc445b99fd1cf06a232d) Importer(815301076,1909f56bfc062723c751e8b465ee728b)  -> (artifact id: 'bb076eaf9b9cf85f12d2fdc402c1573e') in 0.009281 seconds 
========================================================================
Received Import Request.
  Time since last request: 0.000152 seconds.
  path: Assets/ExampleAssets/Textures/Plastic/PlasticRidges_Normal.tif
  artifactKey: Guid(c021d051fa0cba84282b4a2577aa85c5) Importer(815301076,1909f56bfc062723c751e8b465ee728b)
Start importing Assets/ExampleAssets/Textures/Plastic/PlasticRidges_Normal.tif using Guid(c021d051fa0cba84282b4a2577aa85c5) Importer(815301076,1909f56bfc062723c751e8b465ee728b)  -> (artifact id: '73ebf0269fe7cc08fef3eb30bc72966e') in 0.009766 seconds 
========================================================================
Received Import Request.
  Time since last request: 0.000195 seconds.
  path: Assets/ExampleAssets/Textures/Plastic/Plastic_AlbedoSmoothness.tif
  artifactKey: Guid(1f89fed00b6bc904c861ab847a811cb8) Importer(815301076,1909f56bfc062723c751e8b465ee728b)
Start importing Assets/ExampleAssets/Textures/Plastic/Plastic_AlbedoSmoothness.tif using Guid(1f89fed00b6bc904c861ab847a811cb8) Importer(815301076,1909f56bfc062723c751e8b465ee728b)  -> (artifact id: '43686ad00628e1d37b692387abdfa08b') in 0.010034 seconds 
========================================================================
Received Import Request.
  Time since last request: 0.000165 seconds.
  path: Assets/ExampleAssets/Textures/Plastic/Plastic_Normal.tif
  artifactKey: Guid(e109905c411b0f84e82eaaf2705ece30) Importer(815301076,1909f56bfc062723c751e8b465ee728b)
Start importing Assets/ExampleAssets/Textures/Plastic/Plastic_Normal.tif using Guid(e109905c411b0f84e82eaaf2705ece30) Importer(815301076,1909f56bfc062723c751e8b465ee728b)  -> (artifact id: 'da8b55905cd620bf269d6b0c64ee3414') in 0.009202 seconds 
========================================================================
Received Import Request.
  Time since last request: 0.000129 seconds.
  path: Assets/ExampleAssets/Textures/Plastic/PlasticRidges_Albedo.tif
  artifactKey: Guid(ecb23393a0d1b424a82fff68a4c00a66) Importer(815301076,1909f56bfc062723c751e8b465ee728b)
Start importing Assets/ExampleAssets/Textures/Plastic/PlasticRidges_Albedo.tif using Guid(ecb23393a0d1b424a82fff68a4c00a66) Importer(815301076,1909f56bfc062723c751e8b465ee728b)  -> (artifact id: '61b79230d2dafc260b578b613e284a67') in 0.008773 seconds 
========================================================================
Received Import Request.
  Time since last request: 0.000134 seconds.
  path: Assets/ExampleAssets/Textures/Wood/Plywood_MetallicOcculusionSmoothness.tif
  artifactKey: Guid(2e38f7921b7d7b1418ab63c08117ffb8) Importer(815301076,1909f56bfc062723c751e8b465ee728b)
Start importing Assets/ExampleAssets/Textures/Wood/Plywood_MetallicOcculusionSmoothness.tif using Guid(2e38f7921b7d7b1418ab63c08117ffb8) Importer(815301076,1909f56bfc062723c751e8b465ee728b)  -> (artifact id: 'd8df5d9040d62bf8cab9e64a234d35ee') in 0.010696 seconds 
========================================================================
Received Import Request.
  Time since last request: 0.000195 seconds.
  path: Assets/ExampleAssets/Textures/Wood/Plywood_Albedo.tif
  artifactKey: Guid(9644eb6aca67672449e2bcbb0eab8e84) Importer(815301076,1909f56bfc062723c751e8b465ee728b)
Start importing Assets/ExampleAssets/Textures/Wood/Plywood_Albedo.tif using Guid(9644eb6aca67672449e2bcbb0eab8e84) Importer(815301076,1909f56bfc062723c751e8b465ee728b)  -> (artifact id: '5c005bd473b93f4a03aabe82327e0de7') in 0.009359 seconds 
========================================================================
Received Import Request.
  Time since last request: 0.000140 seconds.
  path: Assets/TutorialInfo/Icons/UniversalIcon.png
  artifactKey: Guid(7801804018a7dcf42abb827444e18660) Importer(815301076,1909f56bfc062723c751e8b465ee728b)
Start importing Assets/TutorialInfo/Icons/UniversalIcon.png using Guid(7801804018a7dcf42abb827444e18660) Importer(815301076,1909f56bfc062723c751e8b465ee728b)  -> (artifact id: 'feeb3bc27c0517f60beddad2c1720a06') in 0.010532 seconds 
========================================================================
Received Import Request.
  Time since last request: 0.000329 seconds.
  path: Assets/ExampleAssets/Textures/Wood/Plywood_Normal.tif
  artifactKey: Guid(2148396b133b56f40baa7ea4fd22982a) Importer(815301076,1909f56bfc062723c751e8b465ee728b)
Start importing Assets/ExampleAssets/Textures/Wood/Plywood_Normal.tif using Guid(2148396b133b56f40baa7ea4fd22982a) Importer(815301076,1909f56bfc062723c751e8b465ee728b)  -> (artifact id: '4675a4fd0e0aa84e68f842b91cb105b3') in 0.008990 seconds 
========================================================================
Received Import Request.
  Time since last request: 0.000145 seconds.
  path: Assets/ExampleAssets/Textures/Props/HardHat/SafetyHat_MetallicOcculusionSmoothness.tif
  artifactKey: Guid(6f61f8dd4499250438f1aa39448e860a) Importer(815301076,1909f56bfc062723c751e8b465ee728b)
Start importing Assets/ExampleAssets/Textures/Props/HardHat/SafetyHat_MetallicOcculusionSmoothness.tif using Guid(6f61f8dd4499250438f1aa39448e860a) Importer(815301076,1909f56bfc062723c751e8b465ee728b)  -> (artifact id: 'fe5752b40d957c052f699ebdcd29fabf') in 0.009100 seconds 
========================================================================
Received Import Request.
  Time since last request: 0.000356 seconds.
  path: Assets/ExampleAssets/Textures/Props/HardHat/SafetyHat_Albedo.tif
  artifactKey: Guid(dd61af2ec9847eb4d8e17529fa61b143) Importer(815301076,1909f56bfc062723c751e8b465ee728b)
Start importing Assets/ExampleAssets/Textures/Props/HardHat/SafetyHat_Albedo.tif using Guid(dd61af2ec9847eb4d8e17529fa61b143) Importer(815301076,1909f56bfc062723c751e8b465ee728b)  -> (artifact id: 'bb646c3a8a204fa6964f30743d329da3') in 0.011670 seconds 
========================================================================
Received Import Request.
  Time since last request: 0.000143 seconds.
  path: Assets/ExampleAssets/Textures/Plastic/PlasticRidges_MetallicOcculusionSmoothness.tif
  artifactKey: Guid(201c1f77fe872924a86132486bc97e82) Importer(815301076,1909f56bfc062723c751e8b465ee728b)
Start importing Assets/ExampleAssets/Textures/Plastic/PlasticRidges_MetallicOcculusionSmoothness.tif using Guid(201c1f77fe872924a86132486bc97e82) Importer(815301076,1909f56bfc062723c751e8b465ee728b)  -> (artifact id: '4da03c441909ba15d7170c06b0e8cbd0') in 0.010422 seconds 
========================================================================
Received Import Request.
  Time since last request: 0.000233 seconds.
  path: Assets/ExampleAssets/Textures/Props/HardHat/SafetyHat_Normal.tif
  artifactKey: Guid(d608c45da8580c9408ee50eb9a8c40f3) Importer(815301076,1909f56bfc062723c751e8b465ee728b)
Start importing Assets/ExampleAssets/Textures/Props/HardHat/SafetyHat_Normal.tif using Guid(d608c45da8580c9408ee50eb9a8c40f3) Importer(815301076,1909f56bfc062723c751e8b465ee728b)  -> (artifact id: '84c0efaf313cdd21141f385054abd00d') in 0.010915 seconds 
========================================================================
Received Import Request.
  Time since last request: 0.000149 seconds.
  path: Assets/ExampleAssets/Textures/Plastic/PlasticRough_MetallicOcculusionSmoothness.tif
  artifactKey: Guid(ee7680f1374ab4449b6d5f6b2c2c1936) Importer(815301076,1909f56bfc062723c751e8b465ee728b)
Start importing Assets/ExampleAssets/Textures/Plastic/PlasticRough_MetallicOcculusionSmoothness.tif using Guid(ee7680f1374ab4449b6d5f6b2c2c1936) Importer(815301076,1909f56bfc062723c751e8b465ee728b)  -> (artifact id: '1e0e53298cede85da5568ab441636769') in 0.011149 seconds 
========================================================================
Received Import Request.
  Time since last request: 23.759702 seconds.
  path: Assets/SecondTask/Materials/Brick Texture 86_3D_p.png
  artifactKey: Guid(a9d1aa74cb4c15144853d06d9957259d) Importer(815301076,1909f56bfc062723c751e8b465ee728b)
Start importing Assets/SecondTask/Materials/Brick Texture 86_3D_p.png using Guid(a9d1aa74cb4c15144853d06d9957259d) Importer(815301076,1909f56bfc062723c751e8b465ee728b)  -> (artifact id: '706efcf81628cdd09e5f036bdfdf84b1') in 0.018902 seconds 
========================================================================
Received Import Request.
  Time since last request: 11.273070 seconds.
  path: Assets/SecondTask/Materials/start.png
  artifactKey: Guid(27fa9d6e3f64c624c8b3ccd9ffbb881e) Importer(815301076,1909f56bfc062723c751e8b465ee728b)
Start importing Assets/SecondTask/Materials/start.png using Guid(27fa9d6e3f64c624c8b3ccd9ffbb881e) Importer(815301076,1909f56bfc062723c751e8b465ee728b)  -> (artifact id: '9a43330969d042cf482651479f022d43') in 0.013733 seconds 
========================================================================
Received Import Request.
  Time since last request: 28.465821 seconds.
  path: Assets/SecondTask/Materials/Blend2Mats.mat
  artifactKey: Guid(0323e690a166cfc4f832c5bfac4d864c) Importer(815301076,1909f56bfc062723c751e8b465ee728b)
Start importing Assets/SecondTask/Materials/Blend2Mats.mat using Guid(0323e690a166cfc4f832c5bfac4d864c) Importer(815301076,1909f56bfc062723c751e8b465ee728b)  -> (artifact id: '9511430e48ac6daa436d83ff950490ad') in 0.018927 seconds 
AssetImportWorkerClient::OnTransportError - code=2 error=End of file
